2020-05-131 22:06:41 INFO  Added User successfully
2020-05-131 22:11:25 INFO  Added User successfully
2020-05-131 22:19:01 INFO  Added User successfully
2020-05-131 22:19:10 INFO  Added User successfully
2020-05-131 22:19:14 INFO  Added User successfully
2020-05-131 22:19:19 INFO  Search user done
2020-05-131 22:19:21 INFO  Deleted succesfully
2020-05-131 22:19:22 INFO  Reset done
2020-05-131 22:27:04 INFO  Added User successfully
2020-05-131 22:29:30 INFO  Added User successfully
2020-05-131 22:32:32 INFO  Added User successfully
2020-05-131 22:32:41 INFO  Added User successfully
2020-05-131 22:32:48 INFO  Added User successfully
2020-05-131 22:32:52 INFO  Search user done
2020-05-131 22:33:16 INFO  Deleted succesfully
2020-05-131 22:37:07 INFO  Added User successfully
2020-05-131 22:38:05 INFO  Saved Job Title Successfully
2020-05-131 22:38:10 INFO  Saved currency Successfully
2020-05-131 22:44:27 INFO  Added User successfully
2020-05-131 22:48:07 INFO  Added User successfully
2020-05-131 22:48:11 INFO  Search user done
2020-05-131 22:48:20 INFO  Deleted succesfully
2020-05-131 22:50:02 INFO  Added User successfully
2020-05-131 22:50:05 INFO  Search user done
2020-05-131 22:50:06 INFO  Deleted succesfully
2020-05-131 22:50:07 INFO  Reset done
2020-05-131 22:50:20 INFO  Saved Job Title Successfully
2020-05-131 22:50:57 INFO  New Skill added successfully
2020-05-131 22:51:00 INFO  Nationality added successfully
2020-05-131 22:51:05 INFO  Successfully Edited
2020-05-131 22:52:02 INFO  Successfully Added
2020-05-131 22:52:04 INFO  Saved Successfully
2020-05-131 22:53:01 INFO  Added leave
2020-05-131 22:54:10 INFO  Added Vacancies successfully
2020-05-131 22:55:07 INFO  Added tracker name successfully
2020-05-131 22:55:10 INFO  Performance module is working
2020-05-132 11:15:43 INFO  Logo is not broken
2020-05-132 11:15:51 INFO  Added new location successfully
2020-05-132 11:15:53 INFO  Search location is successful
2020-05-132 11:15:53 INFO  Reset in loaction search is done 
2020-05-132 11:15:58 INFO  New Skill added successfully
2020-05-132 11:16:01 INFO  Nationality added successfully
2020-05-132 11:16:06 INFO  Successfully Edited
2020-05-132 11:18:20 INFO  Successfully Added
2020-05-132 11:18:22 INFO  Saved Successfully
2020-05-132 11:18:46 INFO  Added leave
2020-05-132 11:21:16 INFO  Added Vacancies successfully
2020-05-132 11:34:43 INFO  Logo is not broken
2020-05-132 11:34:49 INFO  Successfully Edited
2020-05-132 11:51:35 INFO  Logo is not broken
2020-05-132 11:51:45 INFO  Successfully Edited
2020-05-132 11:57:52 INFO  Logo is not broken
2020-05-132 11:57:59 INFO  Successfully Edited
2020-05-132 12:00:20 INFO  Logo is not broken
2020-05-132 12:00:28 INFO  Successfully Edited
2020-05-132 12:05:25 INFO  Logo is not broken
2020-05-132 12:05:32 INFO  Successfully Edited
2020-05-132 12:08:47 INFO  Logo is not broken
2020-05-132 12:08:54 INFO  Successfully Edited
2020-05-132 12:12:26 INFO  Logo is not broken
2020-05-132 12:12:31 INFO  Successfully Edited
2020-05-132 12:20:12 INFO  Logo is not broken
2020-05-132 12:20:28 INFO  Successfully Edited
2020-05-132 12:22:57 INFO  Logo is not broken
2020-05-132 12:23:02 INFO  Successfully Edited
2020-05-132 12:31:16 INFO  Logo is not broken
2020-05-132 12:31:21 INFO  Successfully Edited
2020-05-132 12:34:56 INFO  Logo is not broken
2020-05-132 12:35:04 INFO  Successfully Edited
2020-05-132 12:37:35 INFO  Logo is not broken
2020-05-132 12:37:40 INFO  Successfully Edited
2020-05-132 12:40:44 INFO  Logo is not broken
2020-05-132 12:40:49 INFO  Successfully Edited
2020-05-132 12:45:48 INFO  Logo is not broken
2020-05-132 12:45:52 INFO  Successfully Edited
2020-05-132 12:48:41 INFO  Logo is not broken
2020-05-132 12:48:52 INFO  Successfully Edited
2020-05-132 12:52:19 INFO  Logo is not broken
2020-05-132 12:52:24 INFO  Successfully Edited
2020-05-132 12:55:46 INFO  Logo is not broken
2020-05-132 12:55:52 INFO  Successfully Edited
2020-05-132 12:58:42 INFO  Logo is not broken
2020-05-132 12:58:48 INFO  Successfully Edited
2020-05-132 13:05:18 INFO  Logo is not broken
2020-05-132 13:05:28 INFO  Successfully Edited
2020-05-132 13:09:43 INFO  Logo is not broken
2020-05-132 13:09:47 INFO  Successfully Edited
2020-05-132 13:09:54 INFO  Downloaded data import successfully
2020-05-132 13:23:21 INFO  Logo is not broken
2020-05-132 13:23:25 INFO  Successfully Edited
2020-05-132 13:23:32 INFO  Downloaded data import successfully
2020-05-132 13:23:41 INFO  termination saved
2020-05-132 13:23:46 INFO  Successfully Added
2020-05-132 13:23:47 INFO  Saved Successfully
2020-05-132 13:30:53 INFO  Logo is not broken
2020-05-132 13:53:08 INFO  Logo is not broken
2020-05-132 13:53:19 INFO  entitlement added
2020-05-132 13:54:09 INFO  Added leave
2020-05-132 13:56:08 INFO  Added tracker name successfully
2020-05-132 13:56:13 INFO  Performance module is working
2020-05-132 13:59:21 INFO  Logo is not broken
2020-05-132 13:59:31 INFO  entitlement added
2020-05-132 13:59:37 INFO  Added leave
2020-05-132 14:05:40 INFO  Logo is not broken
2020-05-132 14:05:50 INFO  entitlement added
2020-05-132 14:05:55 INFO  Added leave
2020-05-132 14:06:18 INFO  Leave assigned successfully
2020-05-132 14:14:58 INFO  Logo is not broken
2020-05-132 14:15:09 INFO  entitlement added
2020-05-132 14:15:54 INFO  Added leave
2020-05-132 14:17:16 INFO  Added tracker name successfully
2020-05-132 14:17:19 INFO  Performance module is working
2020-05-132 14:20:32 INFO  Logo is not broken
2020-05-132 14:20:43 INFO  entitlement added
2020-05-132 14:20:46 INFO  Added leave
2020-05-132 14:22:49 INFO  Added tracker name successfully
2020-05-132 14:22:52 INFO  Performance module is working
2020-05-132 14:32:50 INFO  Logo is not broken
2020-05-132 14:33:09 INFO  Leave assigned successfully
2020-05-132 14:35:54 INFO  Logo is not broken
2020-05-132 14:38:53 INFO  Logo is not broken
2020-05-132 14:44:24 INFO  Logo is not broken
2020-05-132 14:46:27 INFO  Added tracker name successfully
2020-05-132 14:47:16 INFO  Logo is not broken
2020-05-132 14:47:22 INFO  false
2020-05-132 14:47:22 INFO  false
2020-05-132 14:47:22 INFO  false
2020-05-132 14:47:22 INFO  false
2020-05-132 14:47:22 INFO  false
2020-05-132 14:47:22 INFO  false
2020-05-132 14:47:23 INFO  false
2020-05-132 14:47:23 INFO  The button is Edit
2020-05-132 14:47:23 INFO  The button after clicking is Save
2020-05-132 14:47:25 INFO  Successfully updated
2020-05-132 14:47:30 INFO  Holiday is added
2020-05-132 14:47:33 INFO  Cancelling the add holiday option is successfull
2020-05-132 14:47:35 INFO  Holiday search is successful
2020-05-132 14:47:36 INFO  Deleted the Holiday List Successfully
